<?xml version="1.0" encoding="UTF-8"?>
<robot generator="Robot 4.1.3 (Python 3.9.9 on win32)" generated="20221010 20:46:24.403" rpa="false" schemaversion="2">
<suite id="s1" name="Day1" source="C:\Users\USER\Documents\Dojobox\Suites\day1.robot">
<test id="s1-t1" name="login">
<kw name="Open Browser With Google Chrome">
<kw name="Open Browser" library="SeleniumLibrary">
<arg>url=${DEMOBLAZE_URL}</arg>
<arg>browser=${BROWSER}</arg>
<doc>Opens a new browser instance to the optional ``url``.</doc>
<msg timestamp="20221010 20:46:24.600" level="INFO">Opening browser 'gc' to base url 'https://www.demoblaze.com/index.html'.</msg>
<status status="PASS" starttime="20221010 20:46:24.600" endtime="20221010 20:46:26.596"/>
</kw>
<kw name="Maximize Browser Window" library="SeleniumLibrary">
<doc>Maximizes current browser window.</doc>
<status status="PASS" starttime="20221010 20:46:26.596" endtime="20221010 20:46:26.724"/>
</kw>
<status status="PASS" starttime="20221010 20:46:24.599" endtime="20221010 20:46:26.724"/>
</kw>
<kw name="Click Tombol Login Homepage">
<kw name="Click Element" library="SeleniumLibrary">
<arg>xpath=//*[@id="login2"]</arg>
<doc>Click the element identified by ``locator``.</doc>
<msg timestamp="20221010 20:46:26.725" level="INFO">Clicking element 'xpath=//*[@id="login2"]'.</msg>
<status status="PASS" starttime="20221010 20:46:26.725" endtime="20221010 20:46:26.789"/>
</kw>
<status status="PASS" starttime="20221010 20:46:26.724" endtime="20221010 20:46:26.789"/>
</kw>
<kw name="login popup visible">
<kw name="Wait Until Element Is Visible" library="SeleniumLibrary">
<arg>xpath=//*[@id="loginusername"]</arg>
<doc>Waits until the element ``locator`` is visible.</doc>
<status status="PASS" starttime="20221010 20:46:26.790" endtime="20221010 20:46:27.045"/>
</kw>
<status status="PASS" starttime="20221010 20:46:26.789" endtime="20221010 20:46:27.045"/>
</kw>
<kw name="Input Username">
<kw name="Input Text" library="SeleniumLibrary">
<arg>xpath=//*[@id="loginusername"]</arg>
<arg>text=test4567</arg>
<doc>Types the given ``text`` into the text field identified by ``locator``.</doc>
<msg timestamp="20221010 20:46:27.046" level="INFO">Typing text 'test4567' into text field 'xpath=//*[@id="loginusername"]'.</msg>
<status status="PASS" starttime="20221010 20:46:27.046" endtime="20221010 20:46:27.100"/>
</kw>
<status status="PASS" starttime="20221010 20:46:27.045" endtime="20221010 20:46:27.100"/>
</kw>
<kw name="Input Password">
<kw name="Input Text" library="SeleniumLibrary">
<arg>xpath=//*[@id="loginpassword"]</arg>
<arg>text=test</arg>
<doc>Types the given ``text`` into the text field identified by ``locator``.</doc>
<msg timestamp="20221010 20:46:27.101" level="INFO">Typing text 'test' into text field 'xpath=//*[@id="loginpassword"]'.</msg>
<status status="PASS" starttime="20221010 20:46:27.101" endtime="20221010 20:46:27.159"/>
</kw>
<status status="PASS" starttime="20221010 20:46:27.101" endtime="20221010 20:46:27.159"/>
</kw>
<kw name="Click Login popup">
<kw name="Click Element" library="SeleniumLibrary">
<arg>xpath=//*[@type="button" and contains(text(), 'Log in')]</arg>
<doc>Click the element identified by ``locator``.</doc>
<msg timestamp="20221010 20:46:27.161" level="INFO">Clicking element 'xpath=//*[@type="button" and contains(text(), 'Log in')]'.</msg>
<status status="PASS" starttime="20221010 20:46:27.161" endtime="20221010 20:46:27.198"/>
</kw>
<status status="PASS" starttime="20221010 20:46:27.160" endtime="20221010 20:46:27.198"/>
</kw>
<kw name="Close Google Chrome Browser">
<kw name="Close Browser" library="SeleniumLibrary">
<doc>Closes the current browser.</doc>
<status status="PASS" starttime="20221010 20:46:27.199" endtime="20221010 20:46:29.292"/>
</kw>
<status status="PASS" starttime="20221010 20:46:27.198" endtime="20221010 20:46:29.292"/>
</kw>
<status status="PASS" starttime="20221010 20:46:24.599" endtime="20221010 20:46:29.292"/>
</test>
<status status="PASS" starttime="20221010 20:46:24.405" endtime="20221010 20:46:29.294"/>
</suite>
<statistics>
<total>
<stat pass="1" fail="0" skip="0">All Tests</stat>
</total>
<tag>
</tag>
<suite>
<stat pass="1" fail="0" skip="0" id="s1" name="Day1">Day1</stat>
</suite>
</statistics>
<errors>
</errors>
</robot>
